{
  "RSpec": {
    "coverage": {
      "/Users/stuart_pethurst/oakframer-site/app/helpers/application_helper.rb": {
        "lines": [
          1,
          null
        ],
        "branches": {}
      },
      "/Users/stuart_pethurst/oakframer-site/app/helpers/coming_soon_helper.rb": {
        "lines": [
          null,
          1,
          null
        ],
        "branches": {}
      },
      "/Users/stuart_pethurst/oakframer-site/app/helpers/contacts_helper.rb": {
        "lines": [
          1,
          null
        ],
        "branches": {}
      },
      "/Users/stuart_pethurst/oakframer-site/app/helpers/pages_helper.rb": {
        "lines": [
          1,
          null
        ],
        "branches": {}
      },
      "/Users/stuart_pethurst/oakframer-site/app/helpers/projects_helper.rb": {
        "lines": [
          null,
          1,
          null
        ],
        "branches": {}
      },
      "/Users/stuart_pethurst/oakframer-site/app/helpers/site_visits_helper.rb": {
        "lines": [
          null,
          1,
          null
        ],
        "branches": {}
      },
      "/Users/stuart_pethurst/oakframer-site/app/channels/application_cable/channel.rb": {
        "lines": [
          0,
          0,
          0,
          0
        ],
        "branches": {}
      },
      "/Users/stuart_pethurst/oakframer-site/app/channels/application_cable/connection.rb": {
        "lines": [
          0,
          0,
          0,
          0
        ],
        "branches": {}
      },
      "/Users/stuart_pethurst/oakframer-site/app/controllers/application_controller.rb": {
        "lines": [
          0,
          0,
          null,
          0,
          null,
          0,
          0,
          null,
          0,
          0,
          0,
          0,
          0,
          0,
          null,
          null,
          0,
          0,
          0,
          0,
          0,
          0,
          0,
          0,
          0
        ],
        "branches": {}
      },
      "/Users/stuart_pethurst/oakframer-site/app/controllers/contacts_controller.rb": {
        "lines": [
          0,
          0,
          0,
          0,
          null,
          0,
          null,
          0,
          null,
          0,
          null,
          0,
          0,
          0,
          0,
          0,
          0,
          0,
          0,
          0,
          null,
          0,
          0,
          0,
          0,
          null,
          0,
          0,
          null,
          0,
          0,
          null,
          0,
          null,
          0,
          0,
          0,
          0
        ],
        "branches": {}
      },
      "/Users/stuart_pethurst/oakframer-site/app/controllers/pages_controller.rb": {
        "lines": [
          0,
          0,
          0,
          0,
          null,
          0,
          0,
          null,
          0,
          0,
          0,
          null,
          0,
          0,
          0,
          null,
          0,
          null,
          0,
          0
        ],
        "branches": {}
      },
      "/Users/stuart_pethurst/oakframer-site/app/controllers/projects_controller.rb": {
        "lines": [
          null,
          0,
          0,
          0
        ],
        "branches": {}
      },
      "/Users/stuart_pethurst/oakframer-site/app/controllers/site_visits_controller.rb": {
        "lines": [
          0,
          0,
          0,
          null,
          0,
          0,
          0,
          0,
          0,
          0
        ],
        "branches": {}
      },
      "/Users/stuart_pethurst/oakframer-site/app/jobs/application_job.rb": {
        "lines": [
          0,
          null,
          null,
          null,
          null,
          null,
          0
        ],
        "branches": {}
      },
      "/Users/stuart_pethurst/oakframer-site/app/mailers/application_mailer.rb": {
        "lines": [
          0,
          0,
          0,
          0
        ],
        "branches": {}
      },
      "/Users/stuart_pethurst/oakframer-site/app/mailers/contact_mailer.rb": {
        "lines": [
          0,
          0,
          0,
          0,
          0,
          0,
          0,
          0,
          0,
          0,
          0
        ],
        "branches": {}
      },
      "/Users/stuart_pethurst/oakframer-site/app/mailers/site_stats_mailer.rb": {
        "lines": [
          null,
          0,
          0,
          null,
          0,
          0,
          0,
          0,
          null,
          0,
          0,
          0,
          0,
          0,
          0,
          0,
          0,
          0,
          0,
          0,
          null,
          0,
          0,
          0,
          0,
          null,
          0,
          0,
          0,
          0,
          0,
          0,
          null
        ],
        "branches": {}
      },
      "/Users/stuart_pethurst/oakframer-site/app/models/contact.rb": {
        "lines": [
          null,
          0,
          0,
          null,
          0,
          null,
          0,
          0,
          0
        ],
        "branches": {}
      },
      "/Users/stuart_pethurst/oakframer-site/app/models/site_visit.rb": {
        "lines": [
          null,
          0,
          0,
          null,
          0,
          0,
          null,
          0,
          0,
          null,
          0,
          0,
          0,
          0,
          0,
          0,
          null,
          0,
          0,
          null,
          0,
          0,
          0,
          null,
          0,
          0,
          0,
          0
        ],
        "branches": {}
      }
    },
    "timestamp": 1751476506
  }
}
